<?xml version="1.0" encoding="UTF-8"?>
<!-- Generated by org.testng.reporters.JUnitReportReporter -->
<testsuite skipped="0" hostname="RamuNimmana-PC" name="com.dataprovider.DataProviderTest" tests="4" failures="0" timestamp="2020-07-09T22:40:14 IST" time="0.050" errors="0">
  <testcase name="PrintPlayerDetails" time="0.012" classname="com.dataprovider.DataProviderTest"/>
  <system-out/>
  <testcase name="PrintPlayerDetails" time="0.011" classname="com.dataprovider.DataProviderTest"/>
  <system-out/>
  <testcase name="PrintPlayerDetails" time="0.011" classname="com.dataprovider.DataProviderTest"/>
  <system-out/>
  <testcase name="PrintPlayerDetails" time="0.016" classname="com.dataprovider.DataProviderTest"/>
  <system-out/>
</testsuite> <!-- com.dataprovider.DataProviderTest -->
